0 silly argv {
0 silly argv   _: [ 'create' ],
0 silly argv   lernaVersion: '7.1.1',
0 silly argv   '$0': '/Users/bytedance/.npm/_npx/d5cad42883f80c04/node_modules/.bin/lerna',
0 silly argv   name: 'b'
0 silly argv }
1 notice cli v7.1.1
2 verbose packageConfigs Resolving packages based on package.json "workspaces" configuration.
3 verbose rootPath /Users/bytedance/Documents/code/lab/lerna-demo
4 info versioning independent
5 error Error: canceled
5 error     at Interface.<anonymous> (/Users/bytedance/.npm/_npx/d5cad42883f80c04/node_modules/read/lib/read.js:79:15)
5 error     at Interface.emit (node:events:513:28)
5 error     at Interface._ttyWrite (node:readline:1085:16)
5 error     at ReadStream.onkeypress (node:readline:291:10)
5 error     at ReadStream.emit (node:events:513:28)
5 error     at emitKeys (node:internal/readline/utils:357:14)
5 error     at emitKeys.next (<anonymous>)
5 error     at ReadStream.onData (node:internal/readline/emitKeypressEvents:61:36)
5 error     at ReadStream.emit (node:events:513:28)
